<?xml version="1.0" encoding="UTF-8"?>
<!-- Generated by org.testng.reporters.JUnitXMLReporter -->
<testsuite ignored="0" hostname="WKWUS7501724" failures="0" tests="6" name="Default test" time="13.607" errors="0" timestamp="2024-02-28T10:38:06 PST">
  <testcase classname="api.test.DDTests" name="testPostUsers" time="3.608"/>
  <testcase classname="api.test.DDTests" name="testPostUsers" time="1.528"/>
  <testcase classname="api.test.DDTests" name="testPostUsers" time="1.535"/>
  <testcase classname="api.test.DDTests" name="testDeleteUserByName" time="1.714"/>
  <testcase classname="api.test.DDTests" name="testDeleteUserByName" time="1.481"/>
  <testcase classname="api.test.DDTests" name="testDeleteUserByName" time="1.634"/>
</testsuite> <!-- Default test -->
