<?xml version="1.0" encoding="UTF-8"?>
<testng-results ignored="0" total="4" passed="4" failed="0" skipped="0">
  <reporter-output>
  </reporter-output>
  <suite started-at="2024-02-29T10:26:23 PST" name="PetSuite" finished-at="2024-02-29T10:26:34 PST" duration-ms="11113">
    <groups>
    </groups>
    <test started-at="2024-02-29T10:26:23 PST" name="PetTest" finished-at="2024-02-29T10:26:34 PST" duration-ms="11113">
      <class name="api.test.UserTests2">
        <test-method is-config="true" signature="setUp()[pri:0, instance:api.test.UserTests2@40ef3420]" started-at="2024-02-29T10:26:23 PST" name="setUp" finished-at="2024-02-29T10:26:24 PST" duration-ms="1066" status="PASS">
          <reporter-output>
          </reporter-output>
        </test-method> <!-- setUp -->
        <test-method signature="testPostUser()[pri:1, instance:api.test.UserTests2@40ef3420]" started-at="2024-02-29T10:26:24 PST" name="testPostUser" finished-at="2024-02-29T10:26:28 PST" duration-ms="3566" status="PASS">
          <reporter-output>
          </reporter-output>
        </test-method> <!-- testPostUser -->
        <test-method signature="testGetUserByName()[pri:2, instance:api.test.UserTests2@40ef3420]" started-at="2024-02-29T10:26:28 PST" name="testGetUserByName" finished-at="2024-02-29T10:26:29 PST" duration-ms="1553" status="PASS">
          <reporter-output>
          </reporter-output>
        </test-method> <!-- testGetUserByName -->
        <test-method signature="testUpdateUserByName()[pri:3, instance:api.test.UserTests2@40ef3420]" started-at="2024-02-29T10:26:29 PST" name="testUpdateUserByName" finished-at="2024-02-29T10:26:32 PST" duration-ms="3099" status="PASS">
          <reporter-output>
          </reporter-output>
        </test-method> <!-- testUpdateUserByName -->
        <test-method signature="testDeleteUserByName()[pri:4, instance:api.test.UserTests2@40ef3420]" started-at="2024-02-29T10:26:32 PST" name="testDeleteUserByName" finished-at="2024-02-29T10:26:34 PST" duration-ms="1541" status="PASS">
          <reporter-output>
          </reporter-output>
        </test-method> <!-- testDeleteUserByName -->
      </class> <!-- api.test.UserTests2 -->
    </test> <!-- PetTest -->
  </suite> <!-- PetSuite -->
</testng-results>
