<?xml version="1.0" encoding="UTF-8"?>
<testng-results ignored="0" total="4" passed="4" failed="0" skipped="0">
  <reporter-output>
  </reporter-output>
  <suite started-at="2024-02-29T10:03:13 PST" name="PetSuite" finished-at="2024-02-29T10:03:25 PST" duration-ms="11202">
    <groups>
    </groups>
    <test started-at="2024-02-29T10:03:13 PST" name="PetTest" finished-at="2024-02-29T10:03:25 PST" duration-ms="11202">
      <class name="api.test.UserTests2">
        <test-method is-config="true" signature="setUp()[pri:0, instance:api.test.UserTests2@13c9d689]" started-at="2024-02-29T10:03:14 PST" name="setUp" finished-at="2024-02-29T10:03:15 PST" duration-ms="1009" status="PASS">
          <reporter-output>
          </reporter-output>
        </test-method> <!-- setUp -->
        <test-method signature="testPostUser()[pri:1, instance:api.test.UserTests2@13c9d689]" started-at="2024-02-29T10:03:15 PST" name="testPostUser" finished-at="2024-02-29T10:03:18 PST" duration-ms="3509" status="PASS">
          <reporter-output>
          </reporter-output>
        </test-method> <!-- testPostUser -->
        <test-method signature="testGetUserByName()[pri:2, instance:api.test.UserTests2@13c9d689]" started-at="2024-02-29T10:03:18 PST" name="testGetUserByName" finished-at="2024-02-29T10:03:20 PST" duration-ms="1577" status="PASS">
          <reporter-output>
          </reporter-output>
        </test-method> <!-- testGetUserByName -->
        <test-method signature="testUpdateUserByName()[pri:3, instance:api.test.UserTests2@13c9d689]" started-at="2024-02-29T10:03:20 PST" name="testUpdateUserByName" finished-at="2024-02-29T10:03:23 PST" duration-ms="3139" status="PASS">
          <reporter-output>
          </reporter-output>
        </test-method> <!-- testUpdateUserByName -->
        <test-method signature="testDeleteUserByName()[pri:4, instance:api.test.UserTests2@13c9d689]" started-at="2024-02-29T10:03:23 PST" name="testDeleteUserByName" finished-at="2024-02-29T10:03:25 PST" duration-ms="1557" status="PASS">
          <reporter-output>
          </reporter-output>
        </test-method> <!-- testDeleteUserByName -->
      </class> <!-- api.test.UserTests2 -->
    </test> <!-- PetTest -->
  </suite> <!-- PetSuite -->
</testng-results>
