<?xml version="1.0" encoding="UTF-8"?>
<!-- Generated by org.testng.reporters.JUnitXMLReporter -->
<testsuite ignored="0" hostname="WKWUS7501724" failures="0" tests="4" name="PetTest" time="10.847" errors="0" timestamp="2024-02-29T11:38:57 PST">
  <testcase classname="api.test.UserTests2" name="testPostUser" time="3.661"/>
  <testcase classname="api.test.UserTests2" name="testGetUserByName" time="1.58"/>
  <testcase classname="api.test.UserTests2" name="testUpdateUserByName" time="3.114"/>
  <testcase classname="api.test.UserTests2" name="testDeleteUserByName" time="1.575"/>
</testsuite> <!-- PetTest -->
