<?xml version="1.0" encoding="UTF-8"?>
<!-- Generated by org.testng.reporters.JUnitXMLReporter -->
<testsuite ignored="0" hostname="WKWUS7501724" failures="0" tests="4" name="PetTest" time="11.202" errors="0" timestamp="2024-02-29T10:03:25 PST">
  <testcase classname="api.test.UserTests2" name="testPostUser" time="3.509"/>
  <testcase classname="api.test.UserTests2" name="testGetUserByName" time="1.577"/>
  <testcase classname="api.test.UserTests2" name="testUpdateUserByName" time="3.139"/>
  <testcase classname="api.test.UserTests2" name="testDeleteUserByName" time="1.557"/>
</testsuite> <!-- PetTest -->
